# JRE version: Java(TM) SE Runtime Environment (8.0_05-b13) (build 1.8.0_05-b13)
# Java VM: Java HotSpot(TM) 64-Bit Server VM (25.5-b02 mixed mode bsd-amd64 compressed oops)
Heap:
 PSYoungGen      total 48128K, used 6242K [0x000000076ab00000, 0x0000000770280000, 0x00000007c0000000)
  eden space 12800K, 5% used [0x000000076ab00000,0x000000076abb7ae8,0x000000076b780000)
  from space 35328K, 15% used [0x000000076dc00000,0x000000076e160dc0,0x000000076fe80000)
  to   space 37376K, 0% used [0x000000076b780000,0x000000076b780000,0x000000076dc00000)
 ParOldGen       total 34816K, used 23830K [0x00000006c0000000, 0x00000006c2200000, 0x000000076ab00000)
  object space 34816K, 68% used [0x00000006c0000000,0x00000006c1745840,0x00000006c2200000)
 Metaspace       used 13809K, capacity 13960K, committed 14080K, reserved 1060864K
  class space    used 1649K, capacity 1718K, committed 1792K, reserved 1048576K
GC Heap History (10 events):
Event: 195.562 GC heap before
{Heap before GC invocations=164 (full 10):
 PSYoungGen      total 38912K, used 37214K [0x000000076ab00000, 0x000000076f880000, 0x00000007c0000000)
  eden space 14848K, 91% used [0x000000076ab00000,0x000000076b84e3e0,0x000000076b980000)
  from space 24064K, 98% used [0x000000076b980000,0x000000076d0896b8,0x000000076d100000)
  to   space 32256K, 0% used [0x000000076d900000,0x000000076d900000,0x000000076f880000)
 ParOldGen       total 34816K, used 30679K [0x00000006c0000000, 0x00000006c2200000, 0x000000076ab00000)
  object space 34816K, 88% used [0x00000006c0000000,0x00000006c1df5d30,0x00000006c2200000)
 Metaspace       used 13809K, capacity 13960K, committed 14080K, reserved 1060864K
  class space    used 1649K, capacity 1718K, committed 1792K, reserved 1048576K
Event: 195.566 GC heap after
Heap after GC invocations=164 (full 10):
 PSYoungGen      total 46592K, used 27748K [0x000000076ab00000, 0x000000076f980000, 0x00000007c0000000)
  eden space 14336K, 0% used [0x000000076ab00000,0x000000076ab00000,0x000000076b900000)
  from space 32256K, 86% used [0x000000076d900000,0x000000076f4192f0,0x000000076f880000)
  to   space 32768K, 0% used [0x000000076b900000,0x000000076b900000,0x000000076d900000)
 ParOldGen       total 34816K, used 30679K [0x00000006c0000000, 0x00000006c2200000, 0x000000076ab00000)
  object space 34816K, 88% used [0x00000006c0000000,0x00000006c1df5d30,0x00000006c2200000)
 Metaspace       used 13809K, capacity 13960K, committed 14080K, reserved 1060864K
  class space    used 1649K, capacity 1718K, committed 1792K, reserved 1048576K
}
Event: 196.025 GC heap before
{Heap before GC invocations=165 (full 11):
 PSYoungGen      total 46592K, used 42084K [0x000000076ab00000, 0x000000076f980000, 0x00000007c0000000)
  eden space 14336K, 100% used [0x000000076ab00000,0x000000076b900000,0x000000076b900000)
  from space 32256K, 86% used [0x000000076d900000,0x000000076f4192f0,0x000000076f880000)
  to   space 32768K, 0% used [0x000000076b900000,0x000000076b900000,0x000000076d900000)
 ParOldGen       total 51200K, used 50692K [0x00000006c0000000, 0x00000006c3200000, 0x000000076ab00000)
  object space 51200K, 99% used [0x00000006c0000000,0x00000006c31810c8,0x00000006c3200000)
 Metaspace       used 13809K, capacity 13960K, committed 14080K, reserved 1060864K
  class space    used 1649K, capacity 1718K, committed 1792K, reserved 1048576K
Event: 196.046 GC heap after
Heap after GC invocations=165 (full 11):
 PSYoungGen      total 46592K, used 0K [0x000000076ab00000, 0x000000076f980000, 0x00000007c0000000)
  eden space 14336K, 0% used [0x000000076ab00000,0x000000076ab00000,0x000000076b900000)
  from space 32256K, 0% used [0x000000076d900000,0x000000076d900000,0x000000076f880000)
  to   space 32768K, 0% used [0x000000076b900000,0x000000076b900000,0x000000076d900000)
 ParOldGen       total 33280K, used 24331K [0x00000006c0000000, 0x00000006c2080000, 0x000000076ab00000)
  object space 33280K, 73% used [0x00000006c0000000,0x00000006c17c2ed8,0x00000006c2080000)
 Metaspace       used 13809K, capacity 13960K, committed 14080K, reserved 1060864K
  class space    used 1649K, capacity 1718K, committed 1792K, reserved 1048576K
}
Event: 196.378 GC heap before
{Heap before GC invocations=166 (full 12):
 PSYoungGen      total 46592K, used 14336K [0x000000076ab00000, 0x000000076f980000, 0x00000007c0000000)
  eden space 14336K, 100% used [0x000000076ab00000,0x000000076b900000,0x000000076b900000)
  from space 32256K, 0% used [0x000000076d900000,0x000000076d900000,0x000000076f880000)
  to   space 32768K, 0% used [0x000000076b900000,0x000000076b900000,0x000000076d900000)
 ParOldGen       total 37376K, used 37031K [0x00000006c0000000, 0x00000006c2480000, 0x000000076ab00000)
  object space 37376K, 99% used [0x00000006c0000000,0x00000006c2429cc8,0x00000006c2480000)
 Metaspace       used 13809K, capacity 13960K, committed 14080K, reserved 1060864K
  class space    used 1649K, capacity 1718K, committed 1792K, reserved 1048576K
Event: 196.404 GC heap after
Heap after GC invocations=166 (full 12):
 PSYoungGen      total 46592K, used 0K [0x000000076ab00000, 0x000000076f980000, 0x00000007c0000000)
  eden space 14336K, 0% used [0x000000076ab00000,0x000000076ab00000,0x000000076b900000)
  from space 32256K, 0% used [0x000000076d900000,0x000000076d900000,0x000000076f880000)
  to   space 32768K, 0% used [0x000000076b900000,0x000000076b900000,0x000000076d900000)
 ParOldGen       total 34816K, used 23830K [0x00000006c0000000, 0x00000006c2200000, 0x000000076ab00000)
  object space 34816K, 68% used [0x00000006c0000000,0x00000006c1745840,0x00000006c2200000)
 Metaspace       used 13809K, capacity 13960K, committed 14080K, reserved 1060864K
  class space    used 1649K, capacity 1718K, committed 1792K, reserved 1048576K
}
Event: 196.571 GC heap before
{Heap before GC invocations=167 (full 12):
 PSYoungGen      total 46592K, used 11949K [0x000000076ab00000, 0x000000076f980000, 0x00000007c0000000)
  eden space 14336K, 83% used [0x000000076ab00000,0x000000076b6ab698,0x000000076b900000)
  from space 32256K, 0% used [0x000000076d900000,0x000000076d900000,0x000000076f880000)
  to   space 32768K, 0% used [0x000000076b900000,0x000000076b900000,0x000000076d900000)
 ParOldGen       total 34816K, used 23830K [0x00000006c0000000, 0x00000006c2200000, 0x000000076ab00000)
  object space 34816K, 68% used [0x00000006c0000000,0x00000006c1745840,0x00000006c2200000)
 Metaspace       used 13809K, capacity 13960K, committed 14080K, reserved 1060864K
  class space    used 1649K, capacity 1718K, committed 1792K, reserved 1048576K
Event: 196.572 GC heap after
Heap after GC invocations=167 (full 12):
 PSYoungGen      total 47104K, used 3974K [0x000000076ab00000, 0x000000076fe80000, 0x00000007c0000000)
  eden space 14336K, 0% used [0x000000076ab00000,0x000000076ab00000,0x000000076b900000)
  from space 32768K, 12% used [0x000000076b900000,0x000000076bce1880,0x000000076d900000)
  to   space 35328K, 0% used [0x000000076dc00000,0x000000076dc00000,0x000000076fe80000)
 ParOldGen       total 34816K, used 23830K [0x00000006c0000000, 0x00000006c2200000, 0x000000076ab00000)
  object space 34816K, 68% used [0x00000006c0000000,0x00000006c1745840,0x00000006c2200000)
 Metaspace       used 13809K, capacity 13960K, committed 14080K, reserved 1060864K
  class space    used 1649K, capacity 1718K, committed 1792K, reserved 1048576K
}
Event: 196.922 GC heap before
{Heap before GC invocations=168 (full 12):
 PSYoungGen      total 47104K, used 18058K [0x000000076ab00000, 0x000000076fe80000, 0x00000007c0000000)
  eden space 14336K, 98% used [0x000000076ab00000,0x000000076b8c11a0,0x000000076b900000)
  from space 32768K, 12% used [0x000000076b900000,0x000000076bce1880,0x000000076d900000)
  to   space 35328K, 0% used [0x000000076dc00000,0x000000076dc00000,0x000000076fe80000)
 ParOldGen       total 34816K, used 23830K [0x00000006c0000000, 0x00000006c2200000, 0x000000076ab00000)
  object space 34816K, 68% used [0x00000006c0000000,0x00000006c1745840,0x00000006c2200000)
 Metaspace       used 13809K, capacity 13960K, committed 14080K, reserved 1060864K
  class space    used 1649K, capacity 1718K, committed 1792K, reserved 1048576K
Event: 196.924 GC heap after
Heap after GC invocations=168 (full 12):
 PSYoungGen      total 48128K, used 5507K [0x000000076ab00000, 0x0000000770280000, 0x00000007c0000000)
  eden space 12800K, 0% used [0x000000076ab00000,0x000000076ab00000,0x000000076b780000)
  from space 35328K, 15% used [0x000000076dc00000,0x000000076e160dc0,0x000000076fe80000)
  to   space 37376K, 0% used [0x000000076b780000,0x000000076b780000,0x000000076dc00000)
 ParOldGen       total 34816K, used 23830K [0x00000006c0000000, 0x00000006c2200000, 0x000000076ab00000)
  object space 34816K, 68% used [0x00000006c0000000,0x00000006c1745840,0x00000006c2200000)
 Metaspace       used 13809K, capacity 13960K, committed 14080K, reserved 1060864K
  class space    used 1649K, capacity 1718K, committed 1792K, reserved 1048576K
}

